<?xml version="1.0" encoding="UTF-8"?>
<!-- Generated by org.testng.reporters.JUnitReportReporter -->
<testsuite hostname="DESKTOP-TCB77E3" failures="0" tests="3" name="testNGAnnotation.BeforeClassAfterClass" time="23.097" errors="0" timestamp="2024-01-17T14:10:23 IST" skipped="0">
  <testcase classname="testNGAnnotation.BeforeClassAfterClass" name="account" time="8.551"/>
  <system-out/>
  <testcase classname="testNGAnnotation.BeforeClassAfterClass" name="login" time="11.212"/>
  <system-out/>
  <testcase classname="testNGAnnotation.BeforeClassAfterClass" name="createAccount" time="3.334"/>
  <system-out/>
</testsuite> <!-- testNGAnnotation.BeforeClassAfterClass -->
