<?xml version="1.0" encoding="UTF-8"?>
<!-- Generated by org.testng.reporters.JUnitReportReporter -->
<testsuite hostname="DESKTOP-TCB77E3" failures="0" tests="5" name="testNGAnnotation.TestAnnotationDemo2" time="0.050" errors="0" timestamp="2024-01-17T08:27:00 IST" skipped="0">
  <testcase classname="testNGAnnotation.TestAnnotationDemo2" name="login" time="0.018"/>
  <system-out/>
  <testcase classname="testNGAnnotation.TestAnnotationDemo2" name="composeEmail" time="0.006"/>
  <system-out/>
  <testcase classname="testNGAnnotation.TestAnnotationDemo2" name="SearchEmail" time="0.011"/>
  <system-out/>
  <testcase classname="testNGAnnotation.TestAnnotationDemo2" name="DeleteEmail" time="0.012"/>
  <system-out/>
  <testcase classname="testNGAnnotation.TestAnnotationDemo2" name="Logout" time="0.003"/>
  <system-out/>
</testsuite> <!-- testNGAnnotation.TestAnnotationDemo2 -->
