<?xml version="1.0" encoding="UTF-8"?>
<!-- Generated by org.testng.reporters.JUnitReportReporter -->
<testsuite hostname="DESKTOP-TCB77E3" failures="0" tests="3" name="testNGAnnotation.BeforeMethodAnnotation" time="206.323" errors="0" timestamp="2024-01-17T08:58:03 IST" skipped="0">
  <testcase classname="testNGAnnotation.BeforeMethodAnnotation" name="createAccount" time="126.493"/>
  <system-out/>
  <testcase classname="testNGAnnotation.BeforeMethodAnnotation" name="login" time="46.444"/>
  <system-out/>
  <testcase classname="testNGAnnotation.BeforeMethodAnnotation" name="account" time="33.386"/>
  <system-out/>
</testsuite> <!-- testNGAnnotation.BeforeMethodAnnotation -->
