<?xml version="1.0" encoding="UTF-8"?>
<!-- Generated by org.testng.reporters.JUnitReportReporter -->
<testsuite hostname="DESKTOP-TCB77E3" failures="0" tests="3" name="testNGAnnotation.TestAnnotation" time="109.048" errors="0" timestamp="2024-01-17T08:22:12 IST" skipped="0">
  <testcase classname="testNGAnnotation.TestAnnotation" name="login" time="23.929"/>
  <system-out/>
  <testcase classname="testNGAnnotation.TestAnnotation" name="createAccount" time="43.864"/>
  <system-out/>
  <testcase classname="testNGAnnotation.TestAnnotation" name="teardown" time="41.255"/>
  <system-out/>
</testsuite> <!-- testNGAnnotation.TestAnnotation -->
