<?xml version="1.0" encoding="UTF-8"?>
<!-- Generated by org.testng.reporters.JUnitReportReporter -->
<testsuite hostname="DESKTOP-TCB77E3" failures="0" tests="3" name="testNGAnnotation.TestAnnotationEnabled" time="31.781" errors="0" timestamp="2024-01-17T08:33:18 IST" skipped="1">
  <testcase classname="testNGAnnotation.TestAnnotationEnabled" name="login" time="31.777"/>
  <system-out/>
  <testcase classname="testNGAnnotation.TestAnnotationEnabled" name="composeEmail" time="0.004"/>
  <system-out/>
  <testcase classname="testNGAnnotation.TestAnnotationEnabled" name="SearchEmail">
    <skipped/>
  </testcase> <!-- SearchEmail -->
  <system-out/>
</testsuite> <!-- testNGAnnotation.TestAnnotationEnabled -->
